2018-10-29T08:21:14.002Z::[db/mongooseFuntions.js] [32minfo[39m: { _id: 5bd68831ad262fb79b71c8f0,
  firstname: 'Amanda',
  lastname: 'Shaw',
  email: 'amanda.shaw@yahoo.com',
  password: '$2a$04$NMQa0zw0f5SfLHR29Socsew61thas50EyPXpcyTlquUvRx.GahFKW',
  phone: 6692644589,
  aboutme: 'I love moving from one place to another',
  city: 'San Jose',
  country: 'United States',
  company: 'Microsoft',
  school: 'SJSU',
  hometown: 'San Jose',
  languages: 'English',
  gender: 'Female',
  imagelocation: '/Images/Profile/user1.jpg',
  travelerid: 1,
  trips: 
   [ { city: 'Miami',
       country: 'United States',
       startdate: 2018-11-20T00:00:00.000Z,
       enddate: 2018-11-25T00:00:00.000Z },
     { city: 'Melbourne',
       country: 'Australia',
       startdate: 2018-12-01T00:00:00.000Z,
       enddate: 2018-12-05T00:00:00.000Z } ] }
2018-10-29T08:26:42.822Z::[db/mongooseFuntions.js] [32minfo[39m: Value is:undefined
2018-10-29T08:26:42.881Z::[db/mongooseFuntions.js] [32minfo[39m: { _id: 5bd68831ad262fb79b71c8f0,
  firstname: 'Amanda',
  lastname: 'Shaw',
  email: 'amanda.shaw@yahoo.com',
  password: '$2a$04$NMQa0zw0f5SfLHR29Socsew61thas50EyPXpcyTlquUvRx.GahFKW',
  phone: 6692644589,
  aboutme: 'I love moving from one place to another',
  city: 'San Jose',
  country: 'United States',
  company: 'Microsoft',
  school: 'SJSU',
  hometown: 'San Jose',
  languages: 'English',
  gender: 'Female',
  imagelocation: '/Images/Profile/user1.jpg',
  travelerid: 1,
  trips: 
   [ { city: 'Miami',
       country: 'United States',
       startdate: 2018-11-20T00:00:00.000Z,
       enddate: 2018-11-25T00:00:00.000Z },
     { city: 'Melbourne',
       country: 'Australia',
       startdate: 2018-12-01T00:00:00.000Z,
       enddate: 2018-12-05T00:00:00.000Z } ] }
2018-10-29T08:27:38.600Z::[db/mongooseFuntions.js] [32minfo[39m: Value is:undefined
2018-10-29T08:38:02.020Z::[db/mongooseFuntions.js] [32minfo[39m: Value is:undefined
2018-10-29T08:40:13.011Z::[db/mongooseFuntions.js] [32minfo[39m: Value is:undefined
2018-10-29T08:40:39.386Z::[db/mongooseFuntions.js] [32minfo[39m: Value is:undefined
2018-10-29T08:58:05.960Z::[db/mongooseFuntions.js] [32minfo[39m: { _id: 5bd68831ad262fb79b71c8f0,
  firstname: 'Amanda',
  lastname: 'Shaw',
  email: 'amanda.shaw@yahoo.com',
  password: '$2a$04$NMQa0zw0f5SfLHR29Socsew61thas50EyPXpcyTlquUvRx.GahFKW',
  phone: 6692644589,
  aboutme: 'I love moving from one place to another',
  city: 'San Jose',
  country: 'United States',
  company: 'Microsoft',
  school: 'SJSU',
  hometown: 'San Jose',
  languages: 'English',
  gender: 'Female',
  imagelocation: '/Images/Profile/user1.jpg',
  travelerid: 1,
  trips: 
   [ { city: 'Miami',
       country: 'United States',
       startdate: 2018-11-20T00:00:00.000Z,
       enddate: 2018-11-25T00:00:00.000Z },
     { city: 'Melbourne',
       country: 'Australia',
       startdate: 2018-12-01T00:00:00.000Z,
       enddate: 2018-12-05T00:00:00.000Z } ] }
2018-10-29T08:58:57.210Z::[db/mongooseFuntions.js] [34mdebug[39m: Data received: { _id: 5bd68831ad262fb79b71c8f0,
  firstname: 'Amanda',
  lastname: 'Shaw',
  email: 'amanda.shaw@yahoo.com',
  password: '$2a$04$NMQa0zw0f5SfLHR29Socsew61thas50EyPXpcyTlquUvRx.GahFKW',
  phone: 6692644589,
  aboutme: 'I love moving from one place to another',
  city: 'San Jose',
  country: 'United States',
  company: 'Microsoft',
  school: 'SJSU',
  hometown: 'San Jose',
  languages: 'English',
  gender: 'Female',
  imagelocation: '/Images/Profile/user1.jpg',
  travelerid: 1,
  trips: 
   [ { city: 'Miami',
       country: 'United States',
       startdate: 2018-11-20T00:00:00.000Z,
       enddate: 2018-11-25T00:00:00.000Z },
     { city: 'Melbourne',
       country: 'Australia',
       startdate: 2018-12-01T00:00:00.000Z,
       enddate: 2018-12-05T00:00:00.000Z } ] }
2018-10-29T08:58:57.214Z::[db/mongooseFuntions.js] [32minfo[39m: { _id: 5bd68831ad262fb79b71c8f0,
  firstname: 'Amanda',
  lastname: 'Shaw',
  email: 'amanda.shaw@yahoo.com',
  password: '$2a$04$NMQa0zw0f5SfLHR29Socsew61thas50EyPXpcyTlquUvRx.GahFKW',
  phone: 6692644589,
  aboutme: 'I love moving from one place to another',
  city: 'San Jose',
  country: 'United States',
  company: 'Microsoft',
  school: 'SJSU',
  hometown: 'San Jose',
  languages: 'English',
  gender: 'Female',
  imagelocation: '/Images/Profile/user1.jpg',
  travelerid: 1,
  trips: 
   [ { city: 'Miami',
       country: 'United States',
       startdate: 2018-11-20T00:00:00.000Z,
       enddate: 2018-11-25T00:00:00.000Z },
     { city: 'Melbourne',
       country: 'Australia',
       startdate: 2018-12-01T00:00:00.000Z,
       enddate: 2018-12-05T00:00:00.000Z } ] }
2018-10-29T09:00:26.224Z::[db/mongooseFuntions.js] [32minfo[39m: { _id: 5bd68831ad262fb79b71c8f0,
  firstname: 'Amanda',
  lastname: 'Shaw',
  email: 'amanda.shaw@yahoo.com',
  password: '$2a$04$NMQa0zw0f5SfLHR29Socsew61thas50EyPXpcyTlquUvRx.GahFKW',
  phone: 6692644589,
  aboutme: 'I love moving from one place to another',
  city: 'San Jose',
  country: 'United States',
  company: 'Microsoft',
  school: 'SJSU',
  hometown: 'San Jose',
  languages: 'English',
  gender: 'Female',
  imagelocation: '/Images/Profile/user1.jpg',
  travelerid: 1,
  trips: 
   [ { city: 'Miami',
       country: 'United States',
       startdate: 2018-11-20T00:00:00.000Z,
       enddate: 2018-11-25T00:00:00.000Z },
     { city: 'Melbourne',
       country: 'Australia',
       startdate: 2018-12-01T00:00:00.000Z,
       enddate: 2018-12-05T00:00:00.000Z } ] }
2018-10-29T09:01:03.944Z::[db/mongooseFuntions.js] [34mdebug[39m: Data received: { _id: 5bd68831ad262fb79b71c8f0,
  firstname: 'Amanda',
  lastname: 'Shaw',
  email: 'amanda.shaw@yahoo.com',
  password: '$2a$04$NMQa0zw0f5SfLHR29Socsew61thas50EyPXpcyTlquUvRx.GahFKW',
  phone: 6692644589,
  aboutme: 'I love moving from one place to another',
  city: 'San Jose',
  country: 'United States',
  company: 'Microsoft',
  school: 'SJSU',
  hometown: 'San Jose',
  languages: 'English',
  gender: 'Female',
  imagelocation: '/Images/Profile/user1.jpg',
  travelerid: 1,
  trips: 
   [ { city: 'Miami',
       country: 'United States',
       startdate: 2018-11-20T00:00:00.000Z,
       enddate: 2018-11-25T00:00:00.000Z },
     { city: 'Melbourne',
       country: 'Australia',
       startdate: 2018-12-01T00:00:00.000Z,
       enddate: 2018-12-05T00:00:00.000Z } ] }
2018-10-29T09:01:03.946Z::[db/mongooseFuntions.js] [32minfo[39m: { _id: 5bd68831ad262fb79b71c8f0,
  firstname: 'Amanda',
  lastname: 'Shaw',
  email: 'amanda.shaw@yahoo.com',
  password: '$2a$04$NMQa0zw0f5SfLHR29Socsew61thas50EyPXpcyTlquUvRx.GahFKW',
  phone: 6692644589,
  aboutme: 'I love moving from one place to another',
  city: 'San Jose',
  country: 'United States',
  company: 'Microsoft',
  school: 'SJSU',
  hometown: 'San Jose',
  languages: 'English',
  gender: 'Female',
  imagelocation: '/Images/Profile/user1.jpg',
  travelerid: 1,
  trips: 
   [ { city: 'Miami',
       country: 'United States',
       startdate: 2018-11-20T00:00:00.000Z,
       enddate: 2018-11-25T00:00:00.000Z },
     { city: 'Melbourne',
       country: 'Australia',
       startdate: 2018-12-01T00:00:00.000Z,
       enddate: 2018-12-05T00:00:00.000Z } ] }
2018-10-30T00:01:39.563Z::[db/mongooseFunctions.js] [32minfo[39m: { _id: 5bd68831ad262fb79b71c8f0,
  firstname: 'Amanda',
  lastname: 'Shaw',
  email: 'amanda.shaw@yahoo.com',
  password: '$2a$04$NMQa0zw0f5SfLHR29Socsew61thas50EyPXpcyTlquUvRx.GahFKW',
  phone: 6692644589,
  aboutme: 'I love moving from one place to another',
  city: 'San Jose',
  country: 'United States',
  company: 'Microsoft',
  school: 'SJSU',
  hometown: 'San Jose',
  languages: 'English',
  gender: 'Female',
  imagelocation: '/Images/Profile/user1.jpg',
  travelerid: 1,
  trips: 
   [ { city: 'Miami',
       country: 'United States',
       startdate: 2018-11-20T00:00:00.000Z,
       enddate: 2018-11-25T00:00:00.000Z },
     { city: 'Melbourne',
       country: 'Australia',
       startdate: 2018-12-01T00:00:00.000Z,
       enddate: 2018-12-05T00:00:00.000Z } ] }
2018-10-30T05:49:48.957Z::[db/mongooseFunctions.js] [32minfo[39m: { _id: 5bd68831ad262fb79b71c8f0,
  firstname: 'Amanda',
  lastname: 'Shaw',
  email: 'amanda.shaw@yahoo.com',
  password: '$2a$04$NMQa0zw0f5SfLHR29Socsew61thas50EyPXpcyTlquUvRx.GahFKW',
  phone: 6692644589,
  aboutme: 'I love moving from one place to another',
  city: 'San Jose',
  country: 'United States',
  company: 'Microsoft',
  school: 'SJSU',
  hometown: 'San Jose',
  languages: 'English',
  gender: 'Female',
  imagelocation: '/Images/Profile/user1.jpg',
  travelerid: 1,
  trips: 
   [ { city: 'Miami',
       country: 'United States',
       startdate: 2018-11-20T00:00:00.000Z,
       enddate: 2018-11-25T00:00:00.000Z },
     { city: 'Melbourne',
       country: 'Australia',
       startdate: 2018-12-01T00:00:00.000Z,
       enddate: 2018-12-05T00:00:00.000Z } ] }
2018-10-30T05:55:14.244Z::[db/mongooseFunctions.js] [32minfo[39m: { _id: 5bd68831ad262fb79b71c8f0,
  firstname: 'Amanda',
  lastname: 'Shaw',
  email: 'amanda.shaw@yahoo.com',
  password: '$2a$04$NMQa0zw0f5SfLHR29Socsew61thas50EyPXpcyTlquUvRx.GahFKW',
  phone: 6692644589,
  aboutme: 'I love moving from one place to another',
  city: 'San Jose',
  country: 'United States',
  company: 'Microsoft',
  school: 'SJSU',
  hometown: 'San Jose',
  languages: 'English',
  gender: 'Female',
  imagelocation: '/Images/Profile/user1.jpg',
  travelerid: 1,
  trips: 
   [ { city: 'Miami',
       country: 'United States',
       startdate: 2018-11-20T00:00:00.000Z,
       enddate: 2018-11-25T00:00:00.000Z },
     { city: 'Melbourne',
       country: 'Australia',
       startdate: 2018-12-01T00:00:00.000Z,
       enddate: 2018-12-05T00:00:00.000Z } ] }
2018-10-30T06:26:03.599Z::[db/mongooseFunctions.js] [32minfo[39m: { _id: 5bd7f97b14392d44ba90c21f,
  firstname: 'Hitesh',
  lastname: 'Chaudhary',
  email: 'hitesh.chaudhary@yahoo.com',
  password: '$2b$10$5eNOwF1JhQSsP3fTGqRDwOYRCM/eSjFlpwvojH0KdHmjb40IO9hH.',
  phone: 6692644543,
  aboutme: 'I love moving from one place to another',
  city: 'San Jose',
  country: 'United States',
  company: 'Google',
  school: 'SJSU',
  hometown: 'San Jose',
  languages: 'English',
  gender: 'Male',
  imagelocation: '/Images/Profile/user3.jpg',
  travelerid: 2,
  trips: [],
  __v: 0 }
2018-10-30T06:30:34.303Z::[db/mongooseFunctions.js] [32minfo[39m: { _id: 5bd7fa8ac856d64607279572,
  firstname: 'Simran',
  lastname: 'Kaur',
  email: 'simkaur@yahoo.com',
  password: '$2b$10$ZRVSV5tfkCPcNn9GokqpQOq99VkMJOZloQPDbJy3hO2dmUZu6WkIy',
  phone: 6692644543,
  aboutme: 'I love moving from one place to another',
  city: 'San Jose',
  country: 'United States',
  company: 'Google',
  school: 'SJSU',
  hometown: 'San Jose',
  languages: 'English',
  gender: 'Male',
  imagelocation: '/Images/Profile/user3.jpg',
  travelerid: 4,
  trips: 
   [ { _id: 5bd7fa8ac856d64607279573,
       city: 'Florida',
       country: 'United States',
       startdate: 2018-10-21T00:00:00.000Z,
       enddate: 2018-10-23T00:00:00.000Z } ],
  __v: 0 }
2018-10-30T07:23:16.407Z::[db/mongooseFunctions.js] [32minfo[39m: { _id: 5bd7fa8ac856d64607279572,
  firstname: 'Simran',
  lastname: 'Kaur',
  email: 'simkaur@yahoo.com',
  password: '$2b$10$ZRVSV5tfkCPcNn9GokqpQOq99VkMJOZloQPDbJy3hO2dmUZu6WkIy',
  phone: 6692644543,
  aboutme: 'I love moving from one place to another',
  city: 'San Jose',
  country: 'United States',
  company: 'Google',
  school: 'SJSU',
  hometown: 'San Jose',
  languages: 'English',
  gender: 'Male',
  imagelocation: '/Images/Profile/user3.jpg',
  travelerid: 4,
  trips: 
   [ { _id: 5bd7fa8ac856d64607279573,
       city: 'Florida',
       country: 'United States',
       startdate: 2018-10-21T00:00:00.000Z,
       enddate: 2018-10-23T00:00:00.000Z } ],
  __v: 0 }
